<?xml version="1.0" encoding="UTF-8"?>
<testsuite name="censusanalyser.CSVStatesAnalyserTest" tests="1" skipped="0" failures="0" errors="0" timestamp="2021-04-08T02:02:26" hostname="phoujdar" time="0.039">
  <properties/>
  <testcase name="givenStateCodeDataCSVFile_WithWrongDelimiterType_ShouldThrowException" classname="censusanalyser.CSVStatesAnalyserTest" time="0.039"/>
  <system-out><![CDATA[]]></system-out>
  <system-err><![CDATA[]]></system-err>
</testsuite>
