<?xml version="1.0" encoding="UTF-8"?>
<testsuite name="censusanalyser.CSVStatesAnalyserTest" tests="1" skipped="0" failures="0" errors="0" timestamp="2021-04-08T01:45:15" hostname="phoujdar" time="0.103">
  <properties/>
  <testcase name="givenIndianCensusCSVFileReturnsCorrectRecords" classname="censusanalyser.CSVStatesAnalyserTest" time="0.103"/>
  <system-out><![CDATA[]]></system-out>
  <system-err><![CDATA[]]></system-err>
</testsuite>
